[2022-12-26 04:43:42] request.CRITICAL: Uncaught PHP Exception Symfony\Component\Filesystem\Exception\IOException: "Cannot rename "C:\xampp\htdocs\prestashop\var\cache\prod\appD82.tmp" to "C:\xampp\htdocs\prestashop\var\cache\prod/appProdProjectContainerUrlMatcher.php"." at C:\xampp\htdocs\prestashop\vendor\symfony\symfony\src\Symfony\Component\Filesystem\Filesystem.php line 289 {"exception":"[object] (Symfony\\Component\\Filesystem\\Exception\\IOException(code: 0): Cannot rename \"C:\\xampp\\htdocs\\prestashop\\var\\cache\\prod\\appD82.tmp\" to \"C:\\xampp\\htdocs\\prestashop\\var\\cache\\prod/appProdProjectContainerUrlMatcher.php\". at C:\\xampp\\htdocs\\prestashop\\vendor\\symfony\\symfony\\src\\Symfony\\Component\\Filesystem\\Filesystem.php:289)"} []
[2022-12-26 04:43:42] request.CRITICAL: Uncaught PHP Exception Symfony\Component\Filesystem\Exception\IOException: "Cannot rename "C:\xampp\htdocs\prestashop\var\cache\prod\appDA2.tmp" to "C:\xampp\htdocs\prestashop\var\cache\prod/appProdProjectContainerUrlMatcher.php"." at C:\xampp\htdocs\prestashop\vendor\symfony\symfony\src\Symfony\Component\Filesystem\Filesystem.php line 289 {"exception":"[object] (Symfony\\Component\\Filesystem\\Exception\\IOException(code: 0): Cannot rename \"C:\\xampp\\htdocs\\prestashop\\var\\cache\\prod\\appDA2.tmp\" to \"C:\\xampp\\htdocs\\prestashop\\var\\cache\\prod/appProdProjectContainerUrlMatcher.php\". at C:\\xampp\\htdocs\\prestashop\\vendor\\symfony\\symfony\\src\\Symfony\\Component\\Filesystem\\Filesystem.php:289)"} []
[2022-12-26 04:43:43] cache.WARNING: Failed to save key "%5BSymfony%5CBundle%5CTwigBundle%5CController%5CExceptionController%5D%5B1%5D" (array) {"key":"%5BSymfony%5CBundle%5CTwigBundle%5CController%5CExceptionController%5D%5B1%5D","type":"array","exception":"[object] (ErrorException(code: 0): rename(C:\\xampp\\htdocs\\prestashop\\var\\cache\\prod\\pools\\LZoSJvJ+8n\\63a9267f262928.41733295,C:\\xampp\\htdocs\\prestashop\\var\\cache\\prod\\pools\\LZoSJvJ+8n\\F\\F\\Z9w0q0S4k2xYbYU7PBAC): Access is denied. (code: 5) at C:\\xampp\\htdocs\\prestashop\\vendor\\symfony\\symfony\\src\\Symfony\\Component\\Cache\\Traits\\FilesystemCommonTrait.php:93)"} []
[2022-12-26 04:43:43] request.CRITICAL: Exception thrown when handling an exception (RuntimeException: Failed to write cache file "C:\xampp\htdocs\prestashop\var\cache\prod/twig/50/502b4e3218eb3447b57a7825196369f040b78e6781556dc3516e2802911692b7.php". at C:\xampp\htdocs\prestashop\vendor\twig\twig\src\Cache\FilesystemCache.php line 80) {"exception":"[object] (RuntimeException(code: 0): Failed to write cache file \"C:\\xampp\\htdocs\\prestashop\\var\\cache\\prod/twig/50/502b4e3218eb3447b57a7825196369f040b78e6781556dc3516e2802911692b7.php\". at C:\\xampp\\htdocs\\prestashop\\vendor\\twig\\twig\\src\\Cache\\FilesystemCache.php:80)"} []
[2022-12-26 00:13:03] request.INFO: Matched route "admin_module_configure_action". {"route":"admin_module_configure_action","route_parameters":{"_controller":"PrestaShopBundle\\Controller\\Admin\\Improve\\ModuleController::configureModuleAction","_legacy_controller":"AdminModules","module_name":"paypal","_route":"admin_module_configure_action"},"request_uri":"http://localhost/prestashop/admin319fxt2sn/index.php/improve/modules/manage/action/configure/paypal?_token=ZsuJbaMgkRc69W8-PhqgTYx-a-HpoI25ptpG7WqB8ck","method":"GET"} []
[2022-12-26 00:13:03] security.DEBUG: Read existing security token from the session. {"key":"_security_main","token_class":"Symfony\\Component\\Security\\Core\\Authentication\\Token\\UsernamePasswordToken"} []
[2022-12-26 00:13:03] security.DEBUG: User was reloaded from a user provider. {"provider":"PrestaShopBundle\\Security\\Admin\\EmployeeProvider","username":"hiennt19@uef.edu.vn"} []
[2022-12-26 00:13:12] app.ERROR: Data from PrestaShop Addons is invalid, and cannot fallback on cache. [] []
[2022-12-26 00:13:12] security.DEBUG: Stored the security token in the session. {"key":"_security_main"} []
[2022-12-26 00:13:08] request.INFO: Matched route "admin_module_configure_action". {"route":"admin_module_configure_action","route_parameters":{"_controller":"PrestaShopBundle\\Controller\\Admin\\Improve\\ModuleController::configureModuleAction","_legacy_controller":"AdminModules","module_name":"paypal","_route":"admin_module_configure_action"},"request_uri":"http://localhost/prestashop/admin319fxt2sn/index.php/improve/modules/manage/action/configure/paypal?_token=ZsuJbaMgkRc69W8-PhqgTYx-a-HpoI25ptpG7WqB8ck","method":"GET"} []
[2022-12-26 00:13:12] security.DEBUG: Read existing security token from the session. {"key":"_security_main","token_class":"Symfony\\Component\\Security\\Core\\Authentication\\Token\\UsernamePasswordToken"} []
[2022-12-26 00:13:12] security.DEBUG: User was reloaded from a user provider. {"provider":"PrestaShopBundle\\Security\\Admin\\EmployeeProvider","username":"hiennt19@uef.edu.vn"} []
[2022-12-26 00:13:17] app.ERROR: Data from PrestaShop Addons is invalid, and cannot fallback on cache. [] []
[2022-12-26 00:13:17] security.DEBUG: Stored the security token in the session. {"key":"_security_main"} []
[2022-12-26 00:17:38] request.INFO: Matched route "admin_module_manage". {"route":"admin_module_manage","route_parameters":{"category":null,"keyword":null,"_controller":"PrestaShopBundle\\Controller\\Admin\\Improve\\ModuleController::manageAction","_legacy_controller":"AdminModulesManage","_legacy_link":["AdminModulesManage","AdminModulesSf"],"_route":"admin_module_manage"},"request_uri":"http://localhost/prestashop/admin319fxt2sn/index.php/improve/modules/manage?_token=ZsuJbaMgkRc69W8-PhqgTYx-a-HpoI25ptpG7WqB8ck","method":"GET"} []
[2022-12-26 00:17:38] security.DEBUG: Read existing security token from the session. {"key":"_security_main","token_class":"Symfony\\Component\\Security\\Core\\Authentication\\Token\\UsernamePasswordToken"} []
[2022-12-26 00:17:38] security.DEBUG: User was reloaded from a user provider. {"provider":"PrestaShopBundle\\Security\\Admin\\EmployeeProvider","username":"hiennt19@uef.edu.vn"} []
[2022-12-26 00:17:43] app.ERROR: Data from PrestaShop Addons is invalid, and cannot fallback on cache. [] []
[2022-12-26 00:17:47] security.DEBUG: Stored the security token in the session. {"key":"_security_main"} []
[2022-12-26 00:17:49] request.INFO: Matched route "admin_module_notification_count". {"route":"admin_module_notification_count","route_parameters":{"_controller":"PrestaShopBundle\\Controller\\Admin\\Improve\\Modules\\AlertsController::notificationsCountAction","_legacy_controller":"AdminModulesNotifications","_legacy_link":"AdminModulesNotifications:count","_route":"admin_module_notification_count"},"request_uri":"http://localhost/prestashop/admin319fxt2sn/index.php/improve/modules/alerts/count?_token=ZsuJbaMgkRc69W8-PhqgTYx-a-HpoI25ptpG7WqB8ck","method":"GET"} []
[2022-12-26 00:17:52] security.DEBUG: Read existing security token from the session. {"key":"_security_main","token_class":"Symfony\\Component\\Security\\Core\\Authentication\\Token\\UsernamePasswordToken"} []
[2022-12-26 00:17:52] security.DEBUG: User was reloaded from a user provider. {"provider":"PrestaShopBundle\\Security\\Admin\\EmployeeProvider","username":"hiennt19@uef.edu.vn"} []
[2022-12-26 00:17:57] app.ERROR: Data from PrestaShop Addons is invalid, and cannot fallback on cache. [] []
[2022-12-26 00:17:57] security.DEBUG: Stored the security token in the session. {"key":"_security_main"} []
[2022-12-26 00:18:18] request.INFO: Matched route "admin_payment_methods". {"route":"admin_payment_methods","route_parameters":{"_controller":"PrestaShopBundle\\Controller\\Admin\\Improve\\Payment\\PaymentMethodsController::indexAction","_legacy_controller":"AdminPayment","_legacy_link":"AdminPayment","_route":"admin_payment_methods"},"request_uri":"http://localhost/prestashop/admin319fxt2sn/index.php/improve/payment/payment_methods?_token=ZsuJbaMgkRc69W8-PhqgTYx-a-HpoI25ptpG7WqB8ck","method":"GET"} []
[2022-12-26 00:18:18] security.DEBUG: Read existing security token from the session. {"key":"_security_main","token_class":"Symfony\\Component\\Security\\Core\\Authentication\\Token\\UsernamePasswordToken"} []
[2022-12-26 00:18:18] security.DEBUG: User was reloaded from a user provider. {"provider":"PrestaShopBundle\\Security\\Admin\\EmployeeProvider","username":"hiennt19@uef.edu.vn"} []
[2022-12-26 00:18:23] app.ERROR: Data from PrestaShop Addons is invalid, and cannot fallback on cache. [] []
[2022-12-26 00:18:28] security.DEBUG: Stored the security token in the session. {"key":"_security_main"} []
[2022-12-26 00:18:34] request.INFO: Matched route "admin_payment_preferences". {"route":"admin_payment_preferences","route_parameters":{"_legacy_controller":"AdminPaymentPreferences","_legacy_link":"AdminPaymentPreferences","_controller":"PrestaShopBundle\\Controller\\Admin\\Improve\\Payment\\PaymentPreferencesController::indexAction","_route":"admin_payment_preferences"},"request_uri":"http://localhost/prestashop/admin319fxt2sn/index.php/improve/payment/preferences?_token=ZsuJbaMgkRc69W8-PhqgTYx-a-HpoI25ptpG7WqB8ck","method":"GET"} []
[2022-12-26 00:18:34] security.DEBUG: Read existing security token from the session. {"key":"_security_main","token_class":"Symfony\\Component\\Security\\Core\\Authentication\\Token\\UsernamePasswordToken"} []
[2022-12-26 00:18:34] security.DEBUG: User was reloaded from a user provider. {"provider":"PrestaShopBundle\\Security\\Admin\\EmployeeProvider","username":"hiennt19@uef.edu.vn"} []
[2022-12-26 00:18:39] app.ERROR: Data from PrestaShop Addons is invalid, and cannot fallback on cache. [] []
[2022-12-26 00:18:40] security.DEBUG: Stored the security token in the session. {"key":"_security_main"} []
[2022-12-26 00:18:55] request.INFO: Matched route "admin_payment_methods". {"route":"admin_payment_methods","route_parameters":{"_controller":"PrestaShopBundle\\Controller\\Admin\\Improve\\Payment\\PaymentMethodsController::indexAction","_legacy_controller":"AdminPayment","_legacy_link":"AdminPayment","_route":"admin_payment_methods"},"request_uri":"http://localhost/prestashop/admin319fxt2sn/index.php/improve/payment/payment_methods?_token=ZsuJbaMgkRc69W8-PhqgTYx-a-HpoI25ptpG7WqB8ck","method":"GET"} []
[2022-12-26 00:18:55] security.DEBUG: Read existing security token from the session. {"key":"_security_main","token_class":"Symfony\\Component\\Security\\Core\\Authentication\\Token\\UsernamePasswordToken"} []
[2022-12-26 00:18:55] security.DEBUG: User was reloaded from a user provider. {"provider":"PrestaShopBundle\\Security\\Admin\\EmployeeProvider","username":"hiennt19@uef.edu.vn"} []
[2022-12-26 00:19:00] app.ERROR: Data from PrestaShop Addons is invalid, and cannot fallback on cache. [] []
[2022-12-26 00:19:03] security.DEBUG: Stored the security token in the session. {"key":"_security_main"} []
[2022-12-26 00:19:14] request.INFO: Matched route "admin_module_configure_action". {"route":"admin_module_configure_action","route_parameters":{"_controller":"PrestaShopBundle\\Controller\\Admin\\Improve\\ModuleController::configureModuleAction","_legacy_controller":"AdminModules","module_name":"ps_wirepayment","_route":"admin_module_configure_action"},"request_uri":"http://localhost/prestashop/admin319fxt2sn/index.php/improve/modules/manage/action/configure/ps_wirepayment?_token=ZsuJbaMgkRc69W8-PhqgTYx-a-HpoI25ptpG7WqB8ck","method":"GET"} []
[2022-12-26 00:19:14] security.DEBUG: Read existing security token from the session. {"key":"_security_main","token_class":"Symfony\\Component\\Security\\Core\\Authentication\\Token\\UsernamePasswordToken"} []
[2022-12-26 00:19:14] security.DEBUG: User was reloaded from a user provider. {"provider":"PrestaShopBundle\\Security\\Admin\\EmployeeProvider","username":"hiennt19@uef.edu.vn"} []
[2022-12-26 00:19:19] app.ERROR: Data from PrestaShop Addons is invalid, and cannot fallback on cache. [] []
[2022-12-26 00:19:19] security.DEBUG: Stored the security token in the session. {"key":"_security_main"} []
[2022-12-26 00:19:46] request.INFO: Matched route "admin_payment_methods". {"route":"admin_payment_methods","route_parameters":{"_controller":"PrestaShopBundle\\Controller\\Admin\\Improve\\Payment\\PaymentMethodsController::indexAction","_legacy_controller":"AdminPayment","_legacy_link":"AdminPayment","_route":"admin_payment_methods"},"request_uri":"http://localhost/prestashop/admin319fxt2sn/index.php/improve/payment/payment_methods?_token=ZsuJbaMgkRc69W8-PhqgTYx-a-HpoI25ptpG7WqB8ck","method":"GET"} []
[2022-12-26 00:19:46] security.DEBUG: Read existing security token from the session. {"key":"_security_main","token_class":"Symfony\\Component\\Security\\Core\\Authentication\\Token\\UsernamePasswordToken"} []
[2022-12-26 00:19:46] security.DEBUG: User was reloaded from a user provider. {"provider":"PrestaShopBundle\\Security\\Admin\\EmployeeProvider","username":"hiennt19@uef.edu.vn"} []
[2022-12-26 00:19:51] app.ERROR: Data from PrestaShop Addons is invalid, and cannot fallback on cache. [] []
[2022-12-26 00:20:08] security.DEBUG: Stored the security token in the session. {"key":"_security_main"} []
[2022-12-26 00:24:56] request.INFO: Matched route "admin_module_configure_action". {"route":"admin_module_configure_action","route_parameters":{"_controller":"PrestaShopBundle\\Controller\\Admin\\Improve\\ModuleController::configureModuleAction","_legacy_controller":"AdminModules","module_name":"ps_checkout","_route":"admin_module_configure_action"},"request_uri":"http://localhost/prestashop/admin319fxt2sn/index.php/improve/modules/manage/action/configure/ps_checkout?_token=ZsuJbaMgkRc69W8-PhqgTYx-a-HpoI25ptpG7WqB8ck","method":"GET"} []
[2022-12-26 00:24:56] security.DEBUG: Read existing security token from the session. {"key":"_security_main","token_class":"Symfony\\Component\\Security\\Core\\Authentication\\Token\\UsernamePasswordToken"} []
[2022-12-26 00:24:56] security.DEBUG: User was reloaded from a user provider. {"provider":"PrestaShopBundle\\Security\\Admin\\EmployeeProvider","username":"hiennt19@uef.edu.vn"} []
[2022-12-26 00:25:01] app.ERROR: Data from PrestaShop Addons is invalid, and cannot fallback on cache. [] []
[2022-12-26 00:25:02] security.DEBUG: Stored the security token in the session. {"key":"_security_main"} []
[2022-12-26 00:25:08] request.INFO: Matched route "admin_module_manage". {"route":"admin_module_manage","route_parameters":{"category":null,"keyword":null,"_controller":"PrestaShopBundle\\Controller\\Admin\\Improve\\ModuleController::manageAction","_legacy_controller":"AdminModulesManage","_legacy_link":["AdminModulesManage","AdminModulesSf"],"_route":"admin_module_manage"},"request_uri":"http://localhost/prestashop/admin319fxt2sn/index.php/improve/modules/manage?_token=ZsuJbaMgkRc69W8-PhqgTYx-a-HpoI25ptpG7WqB8ck","method":"GET"} []
[2022-12-26 00:25:08] security.DEBUG: Read existing security token from the session. {"key":"_security_main","token_class":"Symfony\\Component\\Security\\Core\\Authentication\\Token\\UsernamePasswordToken"} []
[2022-12-26 00:25:08] security.DEBUG: User was reloaded from a user provider. {"provider":"PrestaShopBundle\\Security\\Admin\\EmployeeProvider","username":"hiennt19@uef.edu.vn"} []
[2022-12-26 00:25:13] app.ERROR: Data from PrestaShop Addons is invalid, and cannot fallback on cache. [] []
[2022-12-26 00:25:14] security.DEBUG: Stored the security token in the session. {"key":"_security_main"} []
[2022-12-26 00:25:16] request.INFO: Matched route "admin_module_catalog_refresh". {"route":"admin_module_catalog_refresh","route_parameters":{"category":null,"keyword":null,"_controller":"PrestaShopBundle\\Controller\\Admin\\Improve\\ModuleController::refreshCatalogAction","_legacy_controller":"AdminModulesCatalog","_legacy_link":"AdminModulesCatalog:refresh","_route":"admin_module_catalog_refresh"},"request_uri":"http://localhost/prestashop/admin319fxt2sn/index.php/improve/modules/catalog/refresh?_token=ZsuJbaMgkRc69W8-PhqgTYx-a-HpoI25ptpG7WqB8ck","method":"GET"} []
[2022-12-26 00:25:16] security.DEBUG: Read existing security token from the session. {"key":"_security_main","token_class":"Symfony\\Component\\Security\\Core\\Authentication\\Token\\UsernamePasswordToken"} []
[2022-12-26 00:25:16] security.DEBUG: User was reloaded from a user provider. {"provider":"PrestaShopBundle\\Security\\Admin\\EmployeeProvider","username":"hiennt19@uef.edu.vn"} []
[2022-12-26 00:25:22] app.ERROR: Data from PrestaShop Addons is invalid, and cannot fallback on cache. [] []
[2022-12-26 00:25:22] security.DEBUG: Stored the security token in the session. {"key":"_security_main"} []
[2022-12-26 00:25:16] request.INFO: Matched route "admin_module_notification_count". {"route":"admin_module_notification_count","route_parameters":{"_controller":"PrestaShopBundle\\Controller\\Admin\\Improve\\Modules\\AlertsController::notificationsCountAction","_legacy_controller":"AdminModulesNotifications","_legacy_link":"AdminModulesNotifications:count","_route":"admin_module_notification_count"},"request_uri":"http://localhost/prestashop/admin319fxt2sn/index.php/improve/modules/alerts/count?_token=ZsuJbaMgkRc69W8-PhqgTYx-a-HpoI25ptpG7WqB8ck","method":"GET"} []
[2022-12-26 00:25:22] security.DEBUG: Read existing security token from the session. {"key":"_security_main","token_class":"Symfony\\Component\\Security\\Core\\Authentication\\Token\\UsernamePasswordToken"} []
[2022-12-26 00:25:22] security.DEBUG: User was reloaded from a user provider. {"provider":"PrestaShopBundle\\Security\\Admin\\EmployeeProvider","username":"hiennt19@uef.edu.vn"} []
[2022-12-26 00:25:27] app.ERROR: Data from PrestaShop Addons is invalid, and cannot fallback on cache. [] []
[2022-12-26 00:25:27] security.DEBUG: Stored the security token in the session. {"key":"_security_main"} []
[2022-12-26 00:26:07] request.INFO: Matched route "admin_module_import". {"route":"admin_module_import","route_parameters":{"module_name":null,"_controller":"PrestaShopBundle\\Controller\\Admin\\Improve\\ModuleController::importModuleAction","_route":"admin_module_import"},"request_uri":"http://localhost/prestashop/admin319fxt2sn/index.php/improve/modules/import?_token=ZsuJbaMgkRc69W8-PhqgTYx-a-HpoI25ptpG7WqB8ck","method":"POST"} []
[2022-12-26 00:26:07] security.DEBUG: Read existing security token from the session. {"key":"_security_main","token_class":"Symfony\\Component\\Security\\Core\\Authentication\\Token\\UsernamePasswordToken"} []
[2022-12-26 00:26:07] security.DEBUG: User was reloaded from a user provider. {"provider":"PrestaShopBundle\\Security\\Admin\\EmployeeProvider","username":"hiennt19@uef.edu.vn"} []
[2022-12-26 00:26:12] app.ERROR: Data from PrestaShop Addons is invalid, and cannot fallback on cache. [] []
[2022-12-26 00:26:13] app.INFO: Protect vendor folder in module ph_scrolltotop [] []
[2022-12-26 00:26:13] app.INFO: Module ph_scrolltotop has no vendor folder [] []
[2022-12-26 00:26:13] security.DEBUG: Stored the security token in the session. {"key":"_security_main"} []
[2022-12-26 00:26:39] request.CRITICAL: Uncaught PHP Exception Symfony\Component\Filesystem\Exception\IOException: "Cannot rename "C:\xampp\htdocs\prestashop\var\cache\prod\app12CA.tmp" to "C:\xampp\htdocs\prestashop\var\cache\prod/appProdProjectContainerUrlMatcher.php"." at C:\xampp\htdocs\prestashop\vendor\symfony\symfony\src\Symfony\Component\Filesystem\Filesystem.php line 289 {"exception":"[object] (Symfony\\Component\\Filesystem\\Exception\\IOException(code: 0): Cannot rename \"C:\\xampp\\htdocs\\prestashop\\var\\cache\\prod\\app12CA.tmp\" to \"C:\\xampp\\htdocs\\prestashop\\var\\cache\\prod/appProdProjectContainerUrlMatcher.php\". at C:\\xampp\\htdocs\\prestashop\\vendor\\symfony\\symfony\\src\\Symfony\\Component\\Filesystem\\Filesystem.php:289)"} []
[2022-12-26 00:27:16] request.INFO: Matched route "admin_module_configure_action". {"route":"admin_module_configure_action","route_parameters":{"_controller":"PrestaShopBundle\\Controller\\Admin\\Improve\\ModuleController::configureModuleAction","_legacy_controller":"AdminModules","module_name":"ph_scrolltotop","_route":"admin_module_configure_action"},"request_uri":"http://localhost/prestashop/admin319fxt2sn/index.php/improve/modules/manage/action/configure/ph_scrolltotop?_token=ZsuJbaMgkRc69W8-PhqgTYx-a-HpoI25ptpG7WqB8ck","method":"GET"} []
[2022-12-26 00:27:16] security.DEBUG: Read existing security token from the session. {"key":"_security_main","token_class":"Symfony\\Component\\Security\\Core\\Authentication\\Token\\UsernamePasswordToken"} []
[2022-12-26 00:27:16] security.DEBUG: User was reloaded from a user provider. {"provider":"PrestaShopBundle\\Security\\Admin\\EmployeeProvider","username":"hiennt19@uef.edu.vn"} []
[2022-12-26 00:27:21] app.ERROR: Data from PrestaShop Addons is invalid, and cannot fallback on cache. [] []
[2022-12-26 00:27:21] security.DEBUG: Stored the security token in the session. {"key":"_security_main"} []
[2022-12-26 00:32:01] request.INFO: Matched route "admin_module_notification_count". {"route":"admin_module_notification_count","route_parameters":{"_controller":"PrestaShopBundle\\Controller\\Admin\\Improve\\Modules\\AlertsController::notificationsCountAction","_legacy_controller":"AdminModulesNotifications","_legacy_link":"AdminModulesNotifications:count","_route":"admin_module_notification_count"},"request_uri":"http://localhost/prestashop/admin319fxt2sn/index.php/improve/modules/alerts/count?_token=ZsuJbaMgkRc69W8-PhqgTYx-a-HpoI25ptpG7WqB8ck","method":"GET"} []
[2022-12-26 00:32:01] security.DEBUG: Read existing security token from the session. {"key":"_security_main","token_class":"Symfony\\Component\\Security\\Core\\Authentication\\Token\\UsernamePasswordToken"} []
[2022-12-26 00:32:01] security.DEBUG: User was reloaded from a user provider. {"provider":"PrestaShopBundle\\Security\\Admin\\EmployeeProvider","username":"hiennt19@uef.edu.vn"} []
[2022-12-26 00:32:12] app.ERROR: Data from PrestaShop Addons is invalid, and cannot fallback on cache. [] []
[2022-12-26 00:32:14] security.DEBUG: Stored the security token in the session. {"key":"_security_main"} []
[2022-12-26 00:32:01] request.INFO: Matched route "admin_module_catalog_refresh". {"route":"admin_module_catalog_refresh","route_parameters":{"category":null,"keyword":null,"_controller":"PrestaShopBundle\\Controller\\Admin\\Improve\\ModuleController::refreshCatalogAction","_legacy_controller":"AdminModulesCatalog","_legacy_link":"AdminModulesCatalog:refresh","_route":"admin_module_catalog_refresh"},"request_uri":"http://localhost/prestashop/admin319fxt2sn/index.php/improve/modules/catalog/refresh?_token=ZsuJbaMgkRc69W8-PhqgTYx-a-HpoI25ptpG7WqB8ck","method":"GET"} []
[2022-12-26 00:32:15] security.DEBUG: Read existing security token from the session. {"key":"_security_main","token_class":"Symfony\\Component\\Security\\Core\\Authentication\\Token\\UsernamePasswordToken"} []
[2022-12-26 00:32:15] security.DEBUG: User was reloaded from a user provider. {"provider":"PrestaShopBundle\\Security\\Admin\\EmployeeProvider","username":"hiennt19@uef.edu.vn"} []
[2022-12-26 00:32:26] app.ERROR: Data from PrestaShop Addons is invalid, and cannot fallback on cache. [] []
[2022-12-26 00:32:27] security.DEBUG: Stored the security token in the session. {"key":"_security_main"} []
[2022-12-26 00:33:50] request.INFO: Matched route "admin_module_catalog_refresh". {"route":"admin_module_catalog_refresh","route_parameters":{"category":null,"keyword":null,"_controller":"PrestaShopBundle\\Controller\\Admin\\Improve\\ModuleController::refreshCatalogAction","_legacy_controller":"AdminModulesCatalog","_legacy_link":"AdminModulesCatalog:refresh","_route":"admin_module_catalog_refresh"},"request_uri":"http://localhost/prestashop/admin319fxt2sn/index.php/improve/modules/catalog/refresh?_token=ZsuJbaMgkRc69W8-PhqgTYx-a-HpoI25ptpG7WqB8ck","method":"GET"} []
[2022-12-26 00:33:50] security.DEBUG: Read existing security token from the session. {"key":"_security_main","token_class":"Symfony\\Component\\Security\\Core\\Authentication\\Token\\UsernamePasswordToken"} []
[2022-12-26 00:33:50] security.DEBUG: User was reloaded from a user provider. {"provider":"PrestaShopBundle\\Security\\Admin\\EmployeeProvider","username":"hiennt19@uef.edu.vn"} []
[2022-12-26 00:34:02] app.ERROR: Data from PrestaShop Addons is invalid, and cannot fallback on cache. [] []
[2022-12-26 00:34:02] security.DEBUG: Stored the security token in the session. {"key":"_security_main"} []
[2022-12-26 00:33:50] request.INFO: Matched route "admin_module_notification_count". {"route":"admin_module_notification_count","route_parameters":{"_controller":"PrestaShopBundle\\Controller\\Admin\\Improve\\Modules\\AlertsController::notificationsCountAction","_legacy_controller":"AdminModulesNotifications","_legacy_link":"AdminModulesNotifications:count","_route":"admin_module_notification_count"},"request_uri":"http://localhost/prestashop/admin319fxt2sn/index.php/improve/modules/alerts/count?_token=ZsuJbaMgkRc69W8-PhqgTYx-a-HpoI25ptpG7WqB8ck","method":"GET"} []
[2022-12-26 00:34:02] security.DEBUG: Read existing security token from the session. {"key":"_security_main","token_class":"Symfony\\Component\\Security\\Core\\Authentication\\Token\\UsernamePasswordToken"} []
[2022-12-26 00:34:02] security.DEBUG: User was reloaded from a user provider. {"provider":"PrestaShopBundle\\Security\\Admin\\EmployeeProvider","username":"hiennt19@uef.edu.vn"} []
[2022-12-26 00:34:14] app.ERROR: Data from PrestaShop Addons is invalid, and cannot fallback on cache. [] []
[2022-12-26 00:34:14] security.DEBUG: Stored the security token in the session. {"key":"_security_main"} []
[2022-12-26 00:33:53] request.INFO: Matched route "admin_module_manage". {"route":"admin_module_manage","route_parameters":{"category":null,"keyword":null,"_controller":"PrestaShopBundle\\Controller\\Admin\\Improve\\ModuleController::manageAction","_legacy_controller":"AdminModulesManage","_legacy_link":["AdminModulesManage","AdminModulesSf"],"_route":"admin_module_manage"},"request_uri":"http://localhost/prestashop/admin319fxt2sn/index.php/improve/modules/manage?_token=ZsuJbaMgkRc69W8-PhqgTYx-a-HpoI25ptpG7WqB8ck","method":"GET"} []
[2022-12-26 00:34:14] security.DEBUG: Read existing security token from the session. {"key":"_security_main","token_class":"Symfony\\Component\\Security\\Core\\Authentication\\Token\\UsernamePasswordToken"} []
[2022-12-26 00:34:14] security.DEBUG: User was reloaded from a user provider. {"provider":"PrestaShopBundle\\Security\\Admin\\EmployeeProvider","username":"hiennt19@uef.edu.vn"} []
[2022-12-26 00:34:26] app.ERROR: Data from PrestaShop Addons is invalid, and cannot fallback on cache. [] []
[2022-12-26 00:34:27] security.DEBUG: Stored the security token in the session. {"key":"_security_main"} []
[2022-12-26 00:34:28] request.INFO: Matched route "admin_module_notification_count". {"route":"admin_module_notification_count","route_parameters":{"_controller":"PrestaShopBundle\\Controller\\Admin\\Improve\\Modules\\AlertsController::notificationsCountAction","_legacy_controller":"AdminModulesNotifications","_legacy_link":"AdminModulesNotifications:count","_route":"admin_module_notification_count"},"request_uri":"http://localhost/prestashop/admin319fxt2sn/index.php/improve/modules/alerts/count?_token=ZsuJbaMgkRc69W8-PhqgTYx-a-HpoI25ptpG7WqB8ck","method":"GET"} []
[2022-12-26 00:34:28] security.DEBUG: Read existing security token from the session. {"key":"_security_main","token_class":"Symfony\\Component\\Security\\Core\\Authentication\\Token\\UsernamePasswordToken"} []
[2022-12-26 00:34:28] security.DEBUG: User was reloaded from a user provider. {"provider":"PrestaShopBundle\\Security\\Admin\\EmployeeProvider","username":"hiennt19@uef.edu.vn"} []
[2022-12-26 00:34:33] app.ERROR: Data from PrestaShop Addons is invalid, and cannot fallback on cache. [] []
[2022-12-26 00:34:34] security.DEBUG: Stored the security token in the session. {"key":"_security_main"} []
[2022-12-26 00:34:54] request.INFO: Matched route "admin_module_configure_action". {"route":"admin_module_configure_action","route_parameters":{"_controller":"PrestaShopBundle\\Controller\\Admin\\Improve\\ModuleController::configureModuleAction","_legacy_controller":"AdminModules","module_name":"paypal","_route":"admin_module_configure_action"},"request_uri":"http://localhost/prestashop/admin319fxt2sn/index.php/improve/modules/manage/action/configure/paypal?_token=ZsuJbaMgkRc69W8-PhqgTYx-a-HpoI25ptpG7WqB8ck","method":"GET"} []
[2022-12-26 00:34:54] security.DEBUG: Read existing security token from the session. {"key":"_security_main","token_class":"Symfony\\Component\\Security\\Core\\Authentication\\Token\\UsernamePasswordToken"} []
[2022-12-26 00:34:54] security.DEBUG: User was reloaded from a user provider. {"provider":"PrestaShopBundle\\Security\\Admin\\EmployeeProvider","username":"hiennt19@uef.edu.vn"} []
[2022-12-26 00:35:06] app.ERROR: Data from PrestaShop Addons is invalid, and cannot fallback on cache. [] []
[2022-12-26 00:35:06] security.DEBUG: Stored the security token in the session. {"key":"_security_main"} []
[2022-12-26 00:35:20] request.INFO: Matched route "admin_module_manage_action". {"route":"admin_module_manage_action","route_parameters":{"_controller":"PrestaShopBundle\\Controller\\Admin\\Improve\\ModuleController::moduleAction","action":"enable","module_name":"blockreassurance","_route":"admin_module_manage_action"},"request_uri":"http://localhost/prestashop/admin319fxt2sn/index.php/improve/modules/manage/action/enable/blockreassurance?_token=ZsuJbaMgkRc69W8-PhqgTYx-a-HpoI25ptpG7WqB8ck","method":"POST"} []
[2022-12-26 00:35:20] security.DEBUG: Read existing security token from the session. {"key":"_security_main","token_class":"Symfony\\Component\\Security\\Core\\Authentication\\Token\\UsernamePasswordToken"} []
[2022-12-26 00:35:20] security.DEBUG: User was reloaded from a user provider. {"provider":"PrestaShopBundle\\Security\\Admin\\EmployeeProvider","username":"hiennt19@uef.edu.vn"} []
[2022-12-26 00:35:28] app.ERROR: Data from PrestaShop Addons is invalid, and cannot fallback on cache. [] []
[2022-12-26 00:35:28] app.INFO: Protect vendor folder in module blockreassurance [] []
[2022-12-26 00:35:28] app.INFO: Module blockreassurance has no vendor folder [] []
[2022-12-26 00:35:28] security.DEBUG: Stored the security token in the session. {"key":"_security_main"} []
[2022-12-26 00:36:03] request.INFO: Matched route "admin_module_manage_action". {"route":"admin_module_manage_action","route_parameters":{"_controller":"PrestaShopBundle\\Controller\\Admin\\Improve\\ModuleController::moduleAction","action":"enable","module_name":"productcomments","_route":"admin_module_manage_action"},"request_uri":"http://localhost/prestashop/admin319fxt2sn/index.php/improve/modules/manage/action/enable/productcomments?_token=ZsuJbaMgkRc69W8-PhqgTYx-a-HpoI25ptpG7WqB8ck","method":"POST"} []
[2022-12-26 00:36:03] security.DEBUG: Read existing security token from the session. {"key":"_security_main","token_class":"Symfony\\Component\\Security\\Core\\Authentication\\Token\\UsernamePasswordToken"} []
[2022-12-26 00:36:03] security.DEBUG: User was reloaded from a user provider. {"provider":"PrestaShopBundle\\Security\\Admin\\EmployeeProvider","username":"hiennt19@uef.edu.vn"} []
[2022-12-26 00:36:12] app.ERROR: Data from PrestaShop Addons is invalid, and cannot fallback on cache. [] []
[2022-12-26 00:36:13] app.INFO: Protect vendor folder in module productcomments [] []
[2022-12-26 00:36:13] app.INFO: Module productcomments has no vendor folder [] []
[2022-12-26 00:36:13] security.DEBUG: Stored the security token in the session. {"key":"_security_main"} []
[2022-12-26 00:37:38] request.INFO: Matched route "admin_module_manage_action". {"route":"admin_module_manage_action","route_parameters":{"_controller":"PrestaShopBundle\\Controller\\Admin\\Improve\\ModuleController::moduleAction","action":"enable","module_name":"ps_mainmenu","_route":"admin_module_manage_action"},"request_uri":"http://localhost/prestashop/admin319fxt2sn/index.php/improve/modules/manage/action/enable/ps_mainmenu?_token=ZsuJbaMgkRc69W8-PhqgTYx-a-HpoI25ptpG7WqB8ck","method":"POST"} []
[2022-12-26 00:37:38] security.DEBUG: Read existing security token from the session. {"key":"_security_main","token_class":"Symfony\\Component\\Security\\Core\\Authentication\\Token\\UsernamePasswordToken"} []
[2022-12-26 00:37:38] security.DEBUG: User was reloaded from a user provider. {"provider":"PrestaShopBundle\\Security\\Admin\\EmployeeProvider","username":"hiennt19@uef.edu.vn"} []
[2022-12-26 00:37:44] app.ERROR: Data from PrestaShop Addons is invalid, and cannot fallback on cache. [] []
[2022-12-26 00:37:44] app.INFO: Protect vendor folder in module ps_mainmenu [] []
[2022-12-26 00:37:44] app.INFO: Module ps_mainmenu has no vendor folder [] []
[2022-12-26 00:37:44] security.DEBUG: Stored the security token in the session. {"key":"_security_main"} []
[2022-12-26 00:38:38] request.CRITICAL: Uncaught PHP Exception Symfony\Component\Filesystem\Exception\IOException: "Cannot rename "C:\xampp\htdocs\prestashop\var\cache\prod\app26E4.tmp" to "C:\xampp\htdocs\prestashop\var\cache\prod/appProdProjectContainerUrlMatcher.php"." at C:\xampp\htdocs\prestashop\vendor\symfony\symfony\src\Symfony\Component\Filesystem\Filesystem.php line 289 {"exception":"[object] (Symfony\\Component\\Filesystem\\Exception\\IOException(code: 0): Cannot rename \"C:\\xampp\\htdocs\\prestashop\\var\\cache\\prod\\app26E4.tmp\" to \"C:\\xampp\\htdocs\\prestashop\\var\\cache\\prod/appProdProjectContainerUrlMatcher.php\". at C:\\xampp\\htdocs\\prestashop\\vendor\\symfony\\symfony\\src\\Symfony\\Component\\Filesystem\\Filesystem.php:289)"} []
[2022-12-26 00:47:21] request.INFO: Matched route "admin_product_form". {"route":"admin_product_form","route_parameters":{"_controller":"PrestaShopBundle\\Controller\\Admin\\ProductController::formAction","_legacy_controller":"AdminProducts","_legacy_param_mapper_class":"PrestaShop\\PrestaShop\\Adapter\\Product\\AdminProductDataProvider","_legacy_param_mapper_method":"mapLegacyParametersProductForm","id":"54","_route":"admin_product_form"},"request_uri":"http://localhost/prestashop/admin319fxt2sn/index.php/sell/catalog/products/54?_token=ZsuJbaMgkRc69W8-PhqgTYx-a-HpoI25ptpG7WqB8ck","method":"GET"} []
[2022-12-26 00:47:22] security.DEBUG: Read existing security token from the session. {"key":"_security_main","token_class":"Symfony\\Component\\Security\\Core\\Authentication\\Token\\UsernamePasswordToken"} []
[2022-12-26 00:47:22] security.DEBUG: User was reloaded from a user provider. {"provider":"PrestaShopBundle\\Security\\Admin\\EmployeeProvider","username":"hiennt19@uef.edu.vn"} []
[2022-12-26 00:47:28] app.ERROR: Data from PrestaShop Addons is invalid, and cannot fallback on cache. [] []
[2022-12-26 00:47:29] security.DEBUG: Stored the security token in the session. {"key":"_security_main"} []
[2022-12-26 00:47:23] request.INFO: Matched route "admin_product_form". {"route":"admin_product_form","route_parameters":{"_controller":"PrestaShopBundle\\Controller\\Admin\\ProductController::formAction","_legacy_controller":"AdminProducts","_legacy_param_mapper_class":"PrestaShop\\PrestaShop\\Adapter\\Product\\AdminProductDataProvider","_legacy_param_mapper_method":"mapLegacyParametersProductForm","id":"54","_route":"admin_product_form"},"request_uri":"http://localhost/prestashop/admin319fxt2sn/index.php/sell/catalog/products/54?_token=ZsuJbaMgkRc69W8-PhqgTYx-a-HpoI25ptpG7WqB8ck","method":"GET"} []
[2022-12-26 00:47:29] security.DEBUG: Read existing security token from the session. {"key":"_security_main","token_class":"Symfony\\Component\\Security\\Core\\Authentication\\Token\\UsernamePasswordToken"} []
[2022-12-26 00:47:29] security.DEBUG: User was reloaded from a user provider. {"provider":"PrestaShopBundle\\Security\\Admin\\EmployeeProvider","username":"hiennt19@uef.edu.vn"} []
[2022-12-26 00:47:35] app.ERROR: Data from PrestaShop Addons is invalid, and cannot fallback on cache. [] []
[2022-12-26 00:47:35] security.DEBUG: Stored the security token in the session. {"key":"_security_main"} []
[2022-12-26 00:48:42] request.INFO: Matched route "admin_product_form". {"route":"admin_product_form","route_parameters":{"_controller":"PrestaShopBundle\\Controller\\Admin\\ProductController::formAction","_legacy_controller":"AdminProducts","_legacy_param_mapper_class":"PrestaShop\\PrestaShop\\Adapter\\Product\\AdminProductDataProvider","_legacy_param_mapper_method":"mapLegacyParametersProductForm","id":"39","_route":"admin_product_form"},"request_uri":"http://localhost/prestashop/admin319fxt2sn/index.php/sell/catalog/products/39?_token=ZsuJbaMgkRc69W8-PhqgTYx-a-HpoI25ptpG7WqB8ck","method":"GET"} []
[2022-12-26 00:48:42] security.DEBUG: Read existing security token from the session. {"key":"_security_main","token_class":"Symfony\\Component\\Security\\Core\\Authentication\\Token\\UsernamePasswordToken"} []
[2022-12-26 00:48:42] security.DEBUG: User was reloaded from a user provider. {"provider":"PrestaShopBundle\\Security\\Admin\\EmployeeProvider","username":"hiennt19@uef.edu.vn"} []
[2022-12-26 00:48:48] app.ERROR: Data from PrestaShop Addons is invalid, and cannot fallback on cache. [] []
[2022-12-26 00:48:48] security.DEBUG: Stored the security token in the session. {"key":"_security_main"} []
[2022-12-26 00:55:31] request.INFO: Matched route "admin_module_import". {"route":"admin_module_import","route_parameters":{"module_name":null,"_controller":"PrestaShopBundle\\Controller\\Admin\\Improve\\ModuleController::importModuleAction","_route":"admin_module_import"},"request_uri":"http://localhost/prestashop/admin319fxt2sn/index.php/improve/modules/import?_token=ZsuJbaMgkRc69W8-PhqgTYx-a-HpoI25ptpG7WqB8ck","method":"POST"} []
[2022-12-26 00:55:31] security.DEBUG: Read existing security token from the session. {"key":"_security_main","token_class":"Symfony\\Component\\Security\\Core\\Authentication\\Token\\UsernamePasswordToken"} []
[2022-12-26 00:55:31] security.DEBUG: User was reloaded from a user provider. {"provider":"PrestaShopBundle\\Security\\Admin\\EmployeeProvider","username":"hiennt19@uef.edu.vn"} []
[2022-12-26 00:55:32] request.CRITICAL: Uncaught PHP Exception Exception: "Tập tin này dường như không phải là một tập tin zip mô-đun hợp lệ" at C:\xampp\htdocs\prestashop\src\Adapter\Module\ModuleZipManager.php line 139 {"exception":"[object] (Exception(code: 0): Tập tin này dường như không phải là một tập tin zip mô-đun hợp lệ at C:\\xampp\\htdocs\\prestashop\\src\\Adapter\\Module\\ModuleZipManager.php:139)"} []
[2022-12-26 00:55:32] security.DEBUG: Stored the security token in the session. {"key":"_security_main"} []
[2022-12-26 00:55:38] request.INFO: Matched route "admin_module_import". {"route":"admin_module_import","route_parameters":{"module_name":null,"_controller":"PrestaShopBundle\\Controller\\Admin\\Improve\\ModuleController::importModuleAction","_route":"admin_module_import"},"request_uri":"http://localhost/prestashop/admin319fxt2sn/index.php/improve/modules/import?_token=ZsuJbaMgkRc69W8-PhqgTYx-a-HpoI25ptpG7WqB8ck","method":"POST"} []
[2022-12-26 00:55:38] security.DEBUG: Read existing security token from the session. {"key":"_security_main","token_class":"Symfony\\Component\\Security\\Core\\Authentication\\Token\\UsernamePasswordToken"} []
[2022-12-26 00:55:38] security.DEBUG: User was reloaded from a user provider. {"provider":"PrestaShopBundle\\Security\\Admin\\EmployeeProvider","username":"hiennt19@uef.edu.vn"} []
[2022-12-26 00:55:38] request.CRITICAL: Uncaught PHP Exception Exception: "Tập tin này dường như không phải là một tập tin zip mô-đun hợp lệ" at C:\xampp\htdocs\prestashop\src\Adapter\Module\ModuleZipManager.php line 139 {"exception":"[object] (Exception(code: 0): Tập tin này dường như không phải là một tập tin zip mô-đun hợp lệ at C:\\xampp\\htdocs\\prestashop\\src\\Adapter\\Module\\ModuleZipManager.php:139)"} []
[2022-12-26 00:55:39] security.DEBUG: Stored the security token in the session. {"key":"_security_main"} []
[2022-12-26 01:06:26] request.INFO: Matched route "admin_module_import". {"route":"admin_module_import","route_parameters":{"module_name":null,"_controller":"PrestaShopBundle\\Controller\\Admin\\Improve\\ModuleController::importModuleAction","_route":"admin_module_import"},"request_uri":"http://localhost/prestashop/admin319fxt2sn/index.php/improve/modules/import?_token=ZsuJbaMgkRc69W8-PhqgTYx-a-HpoI25ptpG7WqB8ck","method":"POST"} []
[2022-12-26 01:06:26] security.DEBUG: Read existing security token from the session. {"key":"_security_main","token_class":"Symfony\\Component\\Security\\Core\\Authentication\\Token\\UsernamePasswordToken"} []
[2022-12-26 01:06:26] security.DEBUG: User was reloaded from a user provider. {"provider":"PrestaShopBundle\\Security\\Admin\\EmployeeProvider","username":"hiennt19@uef.edu.vn"} []
[2022-12-26 01:06:26] request.CRITICAL: Uncaught PHP Exception Exception: "Tập tin này dường như không phải là một tập tin zip mô-đun hợp lệ" at C:\xampp\htdocs\prestashop\src\Adapter\Module\ModuleZipManager.php line 139 {"exception":"[object] (Exception(code: 0): Tập tin này dường như không phải là một tập tin zip mô-đun hợp lệ at C:\\xampp\\htdocs\\prestashop\\src\\Adapter\\Module\\ModuleZipManager.php:139)"} []
[2022-12-26 01:06:26] security.DEBUG: Stored the security token in the session. {"key":"_security_main"} []
[2022-12-26 01:06:34] request.INFO: Matched route "admin_module_import". {"route":"admin_module_import","route_parameters":{"module_name":null,"_controller":"PrestaShopBundle\\Controller\\Admin\\Improve\\ModuleController::importModuleAction","_route":"admin_module_import"},"request_uri":"http://localhost/prestashop/admin319fxt2sn/index.php/improve/modules/import?_token=ZsuJbaMgkRc69W8-PhqgTYx-a-HpoI25ptpG7WqB8ck","method":"POST"} []
[2022-12-26 01:06:34] security.DEBUG: Read existing security token from the session. {"key":"_security_main","token_class":"Symfony\\Component\\Security\\Core\\Authentication\\Token\\UsernamePasswordToken"} []
[2022-12-26 01:06:34] security.DEBUG: User was reloaded from a user provider. {"provider":"PrestaShopBundle\\Security\\Admin\\EmployeeProvider","username":"hiennt19@uef.edu.vn"} []
[2022-12-26 01:06:35] request.CRITICAL: Uncaught PHP Exception Exception: "Tập tin này dường như không phải là một tập tin zip mô-đun hợp lệ" at C:\xampp\htdocs\prestashop\src\Adapter\Module\ModuleZipManager.php line 139 {"exception":"[object] (Exception(code: 0): Tập tin này dường như không phải là một tập tin zip mô-đun hợp lệ at C:\\xampp\\htdocs\\prestashop\\src\\Adapter\\Module\\ModuleZipManager.php:139)"} []
[2022-12-26 01:06:35] security.DEBUG: Stored the security token in the session. {"key":"_security_main"} []
[2022-12-26 01:06:49] request.INFO: Matched route "admin_module_notification_count". {"route":"admin_module_notification_count","route_parameters":{"_controller":"PrestaShopBundle\\Controller\\Admin\\Improve\\Modules\\AlertsController::notificationsCountAction","_legacy_controller":"AdminModulesNotifications","_legacy_link":"AdminModulesNotifications:count","_route":"admin_module_notification_count"},"request_uri":"http://localhost/prestashop/admin319fxt2sn/index.php/improve/modules/alerts/count?_token=ZsuJbaMgkRc69W8-PhqgTYx-a-HpoI25ptpG7WqB8ck","method":"GET"} []
[2022-12-26 01:06:50] security.DEBUG: Read existing security token from the session. {"key":"_security_main","token_class":"Symfony\\Component\\Security\\Core\\Authentication\\Token\\UsernamePasswordToken"} []
[2022-12-26 01:06:50] security.DEBUG: User was reloaded from a user provider. {"provider":"PrestaShopBundle\\Security\\Admin\\EmployeeProvider","username":"hiennt19@uef.edu.vn"} []
[2022-12-26 01:06:55] app.ERROR: Data from PrestaShop Addons is invalid, and cannot fallback on cache. [] []
[2022-12-26 01:06:58] security.DEBUG: Stored the security token in the session. {"key":"_security_main"} []
[2022-12-26 01:06:49] request.INFO: Matched route "admin_module_catalog_refresh". {"route":"admin_module_catalog_refresh","route_parameters":{"category":null,"keyword":null,"_controller":"PrestaShopBundle\\Controller\\Admin\\Improve\\ModuleController::refreshCatalogAction","_legacy_controller":"AdminModulesCatalog","_legacy_link":"AdminModulesCatalog:refresh","_route":"admin_module_catalog_refresh"},"request_uri":"http://localhost/prestashop/admin319fxt2sn/index.php/improve/modules/catalog/refresh?_token=ZsuJbaMgkRc69W8-PhqgTYx-a-HpoI25ptpG7WqB8ck","method":"GET"} []
[2022-12-26 01:06:58] security.DEBUG: Read existing security token from the session. {"key":"_security_main","token_class":"Symfony\\Component\\Security\\Core\\Authentication\\Token\\UsernamePasswordToken"} []
[2022-12-26 01:06:58] security.DEBUG: User was reloaded from a user provider. {"provider":"PrestaShopBundle\\Security\\Admin\\EmployeeProvider","username":"hiennt19@uef.edu.vn"} []
[2022-12-26 01:07:04] app.ERROR: Data from PrestaShop Addons is invalid, and cannot fallback on cache. [] []
[2022-12-26 01:07:04] security.DEBUG: Stored the security token in the session. {"key":"_security_main"} []
[2022-12-26 01:07:08] request.INFO: Matched route "admin_module_catalog_refresh". {"route":"admin_module_catalog_refresh","route_parameters":{"category":null,"keyword":null,"_controller":"PrestaShopBundle\\Controller\\Admin\\Improve\\ModuleController::refreshCatalogAction","_legacy_controller":"AdminModulesCatalog","_legacy_link":"AdminModulesCatalog:refresh","_route":"admin_module_catalog_refresh"},"request_uri":"http://localhost/prestashop/admin319fxt2sn/index.php/improve/modules/catalog/refresh?_token=ZsuJbaMgkRc69W8-PhqgTYx-a-HpoI25ptpG7WqB8ck","method":"GET"} []
[2022-12-26 01:07:08] security.DEBUG: Read existing security token from the session. {"key":"_security_main","token_class":"Symfony\\Component\\Security\\Core\\Authentication\\Token\\UsernamePasswordToken"} []
[2022-12-26 01:07:08] security.DEBUG: User was reloaded from a user provider. {"provider":"PrestaShopBundle\\Security\\Admin\\EmployeeProvider","username":"hiennt19@uef.edu.vn"} []
[2022-12-26 01:07:14] app.ERROR: Data from PrestaShop Addons is invalid, and cannot fallback on cache. [] []
[2022-12-26 01:07:14] security.DEBUG: Stored the security token in the session. {"key":"_security_main"} []
[2022-12-26 01:07:08] request.INFO: Matched route "admin_module_notification_count". {"route":"admin_module_notification_count","route_parameters":{"_controller":"PrestaShopBundle\\Controller\\Admin\\Improve\\Modules\\AlertsController::notificationsCountAction","_legacy_controller":"AdminModulesNotifications","_legacy_link":"AdminModulesNotifications:count","_route":"admin_module_notification_count"},"request_uri":"http://localhost/prestashop/admin319fxt2sn/index.php/improve/modules/alerts/count?_token=ZsuJbaMgkRc69W8-PhqgTYx-a-HpoI25ptpG7WqB8ck","method":"GET"} []
[2022-12-26 01:07:14] security.DEBUG: Read existing security token from the session. {"key":"_security_main","token_class":"Symfony\\Component\\Security\\Core\\Authentication\\Token\\UsernamePasswordToken"} []
[2022-12-26 01:07:14] security.DEBUG: User was reloaded from a user provider. {"provider":"PrestaShopBundle\\Security\\Admin\\EmployeeProvider","username":"hiennt19@uef.edu.vn"} []
[2022-12-26 01:07:19] app.ERROR: Data from PrestaShop Addons is invalid, and cannot fallback on cache. [] []
[2022-12-26 01:07:20] security.DEBUG: Stored the security token in the session. {"key":"_security_main"} []
[2022-12-26 01:08:42] request.INFO: Matched route "admin_module_import". {"route":"admin_module_import","route_parameters":{"module_name":null,"_controller":"PrestaShopBundle\\Controller\\Admin\\Improve\\ModuleController::importModuleAction","_route":"admin_module_import"},"request_uri":"http://localhost/prestashop/admin319fxt2sn/index.php/improve/modules/import?_token=ZsuJbaMgkRc69W8-PhqgTYx-a-HpoI25ptpG7WqB8ck","method":"POST"} []
[2022-12-26 01:08:42] security.DEBUG: Read existing security token from the session. {"key":"_security_main","token_class":"Symfony\\Component\\Security\\Core\\Authentication\\Token\\UsernamePasswordToken"} []
[2022-12-26 01:08:42] security.DEBUG: User was reloaded from a user provider. {"provider":"PrestaShopBundle\\Security\\Admin\\EmployeeProvider","username":"hiennt19@uef.edu.vn"} []
[2022-12-26 01:08:48] app.ERROR: Data from PrestaShop Addons is invalid, and cannot fallback on cache. [] []
[2022-12-26 01:08:49] app.INFO: Protect vendor folder in module baproductzoommagnifier [] []
[2022-12-26 01:08:49] app.INFO: Module baproductzoommagnifier has no vendor folder [] []
[2022-12-26 01:08:49] security.DEBUG: Stored the security token in the session. {"key":"_security_main"} []
[2022-12-26 01:09:26] request.INFO: Matched route "admin_module_configure_action". {"route":"admin_module_configure_action","route_parameters":{"_controller":"PrestaShopBundle\\Controller\\Admin\\Improve\\ModuleController::configureModuleAction","_legacy_controller":"AdminModules","module_name":"baproductzoommagnifier","_route":"admin_module_configure_action"},"request_uri":"http://localhost/prestashop/admin319fxt2sn/index.php/improve/modules/manage/action/configure/baproductzoommagnifier?_token=ZsuJbaMgkRc69W8-PhqgTYx-a-HpoI25ptpG7WqB8ck","method":"GET"} []
[2022-12-26 01:09:26] security.DEBUG: Read existing security token from the session. {"key":"_security_main","token_class":"Symfony\\Component\\Security\\Core\\Authentication\\Token\\UsernamePasswordToken"} []
[2022-12-26 01:09:26] security.DEBUG: User was reloaded from a user provider. {"provider":"PrestaShopBundle\\Security\\Admin\\EmployeeProvider","username":"hiennt19@uef.edu.vn"} []
[2022-12-26 01:09:37] app.ERROR: Data from PrestaShop Addons is invalid, and cannot fallback on cache. [] []
[2022-12-26 01:09:37] security.DEBUG: Stored the security token in the session. {"key":"_security_main"} []
[2022-12-26 01:15:29] request.INFO: Matched route "admin_module_manage". {"route":"admin_module_manage","route_parameters":{"category":null,"keyword":null,"_controller":"PrestaShopBundle\\Controller\\Admin\\Improve\\ModuleController::manageAction","_legacy_controller":"AdminModulesManage","_legacy_link":["AdminModulesManage","AdminModulesSf"],"_route":"admin_module_manage"},"request_uri":"http://localhost/prestashop/admin319fxt2sn/index.php/improve/modules/manage?_token=ZsuJbaMgkRc69W8-PhqgTYx-a-HpoI25ptpG7WqB8ck","method":"GET"} []
[2022-12-26 01:15:29] security.DEBUG: Read existing security token from the session. {"key":"_security_main","token_class":"Symfony\\Component\\Security\\Core\\Authentication\\Token\\UsernamePasswordToken"} []
[2022-12-26 01:15:29] security.DEBUG: User was reloaded from a user provider. {"provider":"PrestaShopBundle\\Security\\Admin\\EmployeeProvider","username":"hiennt19@uef.edu.vn"} []
[2022-12-26 01:15:41] app.ERROR: Data from PrestaShop Addons is invalid, and cannot fallback on cache. [] []
[2022-12-26 01:15:47] security.DEBUG: Stored the security token in the session. {"key":"_security_main"} []
[2022-12-26 01:15:49] request.INFO: Matched route "admin_module_notification_count". {"route":"admin_module_notification_count","route_parameters":{"_controller":"PrestaShopBundle\\Controller\\Admin\\Improve\\Modules\\AlertsController::notificationsCountAction","_legacy_controller":"AdminModulesNotifications","_legacy_link":"AdminModulesNotifications:count","_route":"admin_module_notification_count"},"request_uri":"http://localhost/prestashop/admin319fxt2sn/index.php/improve/modules/alerts/count?_token=ZsuJbaMgkRc69W8-PhqgTYx-a-HpoI25ptpG7WqB8ck","method":"GET"} []
[2022-12-26 01:15:50] security.DEBUG: Read existing security token from the session. {"key":"_security_main","token_class":"Symfony\\Component\\Security\\Core\\Authentication\\Token\\UsernamePasswordToken"} []
[2022-12-26 01:15:50] security.DEBUG: User was reloaded from a user provider. {"provider":"PrestaShopBundle\\Security\\Admin\\EmployeeProvider","username":"hiennt19@uef.edu.vn"} []
[2022-12-26 01:16:01] app.ERROR: Data from PrestaShop Addons is invalid, and cannot fallback on cache. [] []
[2022-12-26 01:16:02] security.DEBUG: Stored the security token in the session. {"key":"_security_main"} []
[2022-12-26 01:16:03] request.INFO: Matched route "admin_module_manage_action". {"route":"admin_module_manage_action","route_parameters":{"_controller":"PrestaShopBundle\\Controller\\Admin\\Improve\\ModuleController::moduleAction","action":"disable","module_name":"baproductzoommagnifier","_route":"admin_module_manage_action"},"request_uri":"http://localhost/prestashop/admin319fxt2sn/index.php/improve/modules/manage/action/disable/baproductzoommagnifier?_token=ZsuJbaMgkRc69W8-PhqgTYx-a-HpoI25ptpG7WqB8ck","method":"POST"} []
[2022-12-26 01:16:03] security.DEBUG: Read existing security token from the session. {"key":"_security_main","token_class":"Symfony\\Component\\Security\\Core\\Authentication\\Token\\UsernamePasswordToken"} []
[2022-12-26 01:16:03] security.DEBUG: User was reloaded from a user provider. {"provider":"PrestaShopBundle\\Security\\Admin\\EmployeeProvider","username":"hiennt19@uef.edu.vn"} []
[2022-12-26 01:16:09] app.ERROR: Data from PrestaShop Addons is invalid, and cannot fallback on cache. [] []
[2022-12-26 01:16:09] security.DEBUG: Stored the security token in the session. {"key":"_security_main"} []
[2022-12-26 01:16:33] request.CRITICAL: Uncaught PHP Exception Symfony\Component\Filesystem\Exception\IOException: "Cannot rename "C:\xampp\htdocs\prestashop\var\cache\prod\appF30F.tmp" to "C:\xampp\htdocs\prestashop\var\cache\prod/appProdProjectContainerUrlMatcher.php"." at C:\xampp\htdocs\prestashop\vendor\symfony\symfony\src\Symfony\Component\Filesystem\Filesystem.php line 289 {"exception":"[object] (Symfony\\Component\\Filesystem\\Exception\\IOException(code: 0): Cannot rename \"C:\\xampp\\htdocs\\prestashop\\var\\cache\\prod\\appF30F.tmp\" to \"C:\\xampp\\htdocs\\prestashop\\var\\cache\\prod/appProdProjectContainerUrlMatcher.php\". at C:\\xampp\\htdocs\\prestashop\\vendor\\symfony\\symfony\\src\\Symfony\\Component\\Filesystem\\Filesystem.php:289)"} []
[2022-12-26 01:16:23] request.INFO: Matched route "admin_module_manage_action". {"route":"admin_module_manage_action","route_parameters":{"_controller":"PrestaShopBundle\\Controller\\Admin\\Improve\\ModuleController::moduleAction","action":"enable","module_name":"ps_customtext","_route":"admin_module_manage_action"},"request_uri":"http://localhost/prestashop/admin319fxt2sn/index.php/improve/modules/manage/action/enable/ps_customtext?_token=ZsuJbaMgkRc69W8-PhqgTYx-a-HpoI25ptpG7WqB8ck","method":"POST"} []
[2022-12-26 01:16:23] security.DEBUG: Read existing security token from the session. {"key":"_security_main","token_class":"Symfony\\Component\\Security\\Core\\Authentication\\Token\\UsernamePasswordToken"} []
[2022-12-26 01:16:23] security.DEBUG: User was reloaded from a user provider. {"provider":"PrestaShopBundle\\Security\\Admin\\EmployeeProvider","username":"hiennt19@uef.edu.vn"} []
[2022-12-26 01:16:34] app.ERROR: Data from PrestaShop Addons is invalid, and cannot fallback on cache. [] []
[2022-12-26 01:16:35] app.INFO: Protect vendor folder in module ps_customtext [] []
[2022-12-26 01:16:35] app.INFO: Module ps_customtext has no vendor folder [] []
[2022-12-26 01:16:35] security.DEBUG: Stored the security token in the session. {"key":"_security_main"} []
[2022-12-26 01:16:33] request.INFO: Matched route "admin_module_manage_action". {"route":"admin_module_manage_action","route_parameters":{"_controller":"PrestaShopBundle\\Controller\\Admin\\Improve\\ModuleController::moduleAction","action":"enable","module_name":"ps_featuredproducts","_route":"admin_module_manage_action"},"request_uri":"http://localhost/prestashop/admin319fxt2sn/index.php/improve/modules/manage/action/enable/ps_featuredproducts?_token=ZsuJbaMgkRc69W8-PhqgTYx-a-HpoI25ptpG7WqB8ck","method":"POST"} []
[2022-12-26 01:16:35] security.DEBUG: Read existing security token from the session. {"key":"_security_main","token_class":"Symfony\\Component\\Security\\Core\\Authentication\\Token\\UsernamePasswordToken"} []
[2022-12-26 01:16:35] security.DEBUG: User was reloaded from a user provider. {"provider":"PrestaShopBundle\\Security\\Admin\\EmployeeProvider","username":"hiennt19@uef.edu.vn"} []
[2022-12-26 01:16:50] app.ERROR: Data from PrestaShop Addons is invalid, and cannot fallback on cache. [] []
[2022-12-26 01:16:50] app.INFO: Protect vendor folder in module ps_featuredproducts [] []
[2022-12-26 01:16:50] app.INFO: Module ps_featuredproducts has no vendor folder [] []
[2022-12-26 01:16:50] security.DEBUG: Stored the security token in the session. {"key":"_security_main"} []
[2022-12-26 01:19:38] request.INFO: Matched route "admin_module_import". {"route":"admin_module_import","route_parameters":{"module_name":null,"_controller":"PrestaShopBundle\\Controller\\Admin\\Improve\\ModuleController::importModuleAction","_route":"admin_module_import"},"request_uri":"http://localhost/prestashop/admin319fxt2sn/index.php/improve/modules/import?_token=ZsuJbaMgkRc69W8-PhqgTYx-a-HpoI25ptpG7WqB8ck","method":"POST"} []
[2022-12-26 01:19:38] security.DEBUG: Read existing security token from the session. {"key":"_security_main","token_class":"Symfony\\Component\\Security\\Core\\Authentication\\Token\\UsernamePasswordToken"} []
[2022-12-26 01:19:38] security.DEBUG: User was reloaded from a user provider. {"provider":"PrestaShopBundle\\Security\\Admin\\EmployeeProvider","username":"hiennt19@uef.edu.vn"} []
[2022-12-26 01:19:38] request.CRITICAL: Uncaught PHP Exception Exception: "Tập tin này dường như không phải là một tập tin zip mô-đun hợp lệ" at C:\xampp\htdocs\prestashop\src\Adapter\Module\ModuleZipManager.php line 139 {"exception":"[object] (Exception(code: 0): Tập tin này dường như không phải là một tập tin zip mô-đun hợp lệ at C:\\xampp\\htdocs\\prestashop\\src\\Adapter\\Module\\ModuleZipManager.php:139)"} []
[2022-12-26 01:19:39] security.DEBUG: Stored the security token in the session. {"key":"_security_main"} []
[2022-12-26 01:19:58] request.INFO: Matched route "admin_module_import". {"route":"admin_module_import","route_parameters":{"module_name":null,"_controller":"PrestaShopBundle\\Controller\\Admin\\Improve\\ModuleController::importModuleAction","_route":"admin_module_import"},"request_uri":"http://localhost/prestashop/admin319fxt2sn/index.php/improve/modules/import?_token=ZsuJbaMgkRc69W8-PhqgTYx-a-HpoI25ptpG7WqB8ck","method":"POST"} []
[2022-12-26 01:19:58] security.DEBUG: Read existing security token from the session. {"key":"_security_main","token_class":"Symfony\\Component\\Security\\Core\\Authentication\\Token\\UsernamePasswordToken"} []
[2022-12-26 01:19:58] security.DEBUG: User was reloaded from a user provider. {"provider":"PrestaShopBundle\\Security\\Admin\\EmployeeProvider","username":"hiennt19@uef.edu.vn"} []
[2022-12-26 01:19:59] request.CRITICAL: Uncaught PHP Exception Exception: "Tập tin này dường như không phải là một tập tin zip mô-đun hợp lệ" at C:\xampp\htdocs\prestashop\src\Adapter\Module\ModuleZipManager.php line 139 {"exception":"[object] (Exception(code: 0): Tập tin này dường như không phải là một tập tin zip mô-đun hợp lệ at C:\\xampp\\htdocs\\prestashop\\src\\Adapter\\Module\\ModuleZipManager.php:139)"} []
[2022-12-26 01:19:59] security.DEBUG: Stored the security token in the session. {"key":"_security_main"} []
[2022-12-26 01:20:24] request.INFO: Matched route "admin_module_manage_action". {"route":"admin_module_manage_action","route_parameters":{"_controller":"PrestaShopBundle\\Controller\\Admin\\Improve\\ModuleController::moduleAction","action":"uninstall","module_name":"baproductzoommagnifier","_route":"admin_module_manage_action"},"request_uri":"http://localhost/prestashop/admin319fxt2sn/index.php/improve/modules/manage/action/uninstall/baproductzoommagnifier?_token=ZsuJbaMgkRc69W8-PhqgTYx-a-HpoI25ptpG7WqB8ck","method":"POST"} []
[2022-12-26 01:20:24] security.DEBUG: Read existing security token from the session. {"key":"_security_main","token_class":"Symfony\\Component\\Security\\Core\\Authentication\\Token\\UsernamePasswordToken"} []
[2022-12-26 01:20:25] security.DEBUG: User was reloaded from a user provider. {"provider":"PrestaShopBundle\\Security\\Admin\\EmployeeProvider","username":"hiennt19@uef.edu.vn"} []
[2022-12-26 01:20:30] app.ERROR: Data from PrestaShop Addons is invalid, and cannot fallback on cache. [] []
[2022-12-26 01:20:30] security.DEBUG: Stored the security token in the session. {"key":"_security_main"} []
[2022-12-26 22:40:02] request.CRITICAL: Uncaught PHP Exception Symfony\Component\Filesystem\Exception\IOException: "Cannot rename "C:\xampp\htdocs\prestashop\var\cache\prod\app7B75.tmp" to "C:\xampp\htdocs\prestashop\var\cache\prod/appProdProjectContainerUrlMatcher.php"." at C:\xampp\htdocs\prestashop\vendor\symfony\symfony\src\Symfony\Component\Filesystem\Filesystem.php line 289 {"exception":"[object] (Symfony\\Component\\Filesystem\\Exception\\IOException(code: 0): Cannot rename \"C:\\xampp\\htdocs\\prestashop\\var\\cache\\prod\\app7B75.tmp\" to \"C:\\xampp\\htdocs\\prestashop\\var\\cache\\prod/appProdProjectContainerUrlMatcher.php\". at C:\\xampp\\htdocs\\prestashop\\vendor\\symfony\\symfony\\src\\Symfony\\Component\\Filesystem\\Filesystem.php:289)"} []
[2022-12-26 22:40:07] request.CRITICAL: Uncaught PHP Exception SmartyException: "unable to write file C:\xampp\htdocs\prestashop\var\cache\prod\smarty\compile\18\11\2b\18112b69bf356e5273e9b58aeaa81fa50d9cc761_0.file.login_addons.tpl.php" at C:\xampp\htdocs\prestashop\vendor\smarty\smarty\libs\sysplugins\smarty_internal_runtime_writefile.php line 90 {"exception":"[object] (SmartyException(code: 0): unable to write file C:\\xampp\\htdocs\\prestashop\\var\\cache\\prod\\smarty\\compile\\18\\11\\2b\\18112b69bf356e5273e9b58aeaa81fa50d9cc761_0.file.login_addons.tpl.php at C:\\xampp\\htdocs\\prestashop\\vendor\\smarty\\smarty\\libs\\sysplugins\\smarty_internal_runtime_writefile.php:90)"} []
[2022-12-26 22:40:07] request.CRITICAL: Uncaught PHP Exception SmartyException: "unable to write file C:\xampp\htdocs\prestashop\var\cache\prod\smarty\compile\18\11\2b\18112b69bf356e5273e9b58aeaa81fa50d9cc761_0.file.login_addons.tpl.php" at C:\xampp\htdocs\prestashop\vendor\smarty\smarty\libs\sysplugins\smarty_internal_runtime_writefile.php line 90 {"exception":"[object] (SmartyException(code: 0): unable to write file C:\\xampp\\htdocs\\prestashop\\var\\cache\\prod\\smarty\\compile\\18\\11\\2b\\18112b69bf356e5273e9b58aeaa81fa50d9cc761_0.file.login_addons.tpl.php at C:\\xampp\\htdocs\\prestashop\\vendor\\smarty\\smarty\\libs\\sysplugins\\smarty_internal_runtime_writefile.php:90)"} []
[2022-12-26 23:42:18] request.INFO: Matched route "admin_module_configure_action". {"route":"admin_module_configure_action","route_parameters":{"_controller":"PrestaShopBundle\\Controller\\Admin\\Improve\\ModuleController::configureModuleAction","_legacy_controller":"AdminModules","module_name":"smartsupp","_route":"admin_module_configure_action"},"request_uri":"http://localhost/prestashop/admin319fxt2sn/index.php/improve/modules/manage/action/configure/smartsupp?_token=ZsuJbaMgkRc69W8-PhqgTYx-a-HpoI25ptpG7WqB8ck","method":"GET"} []
[2022-12-26 23:42:18] security.DEBUG: Read existing security token from the session. {"key":"_security_main","token_class":"Symfony\\Component\\Security\\Core\\Authentication\\Token\\UsernamePasswordToken"} []
[2022-12-26 23:42:18] security.DEBUG: User was reloaded from a user provider. {"provider":"PrestaShopBundle\\Security\\Admin\\EmployeeProvider","username":"hiennt19@uef.edu.vn"} []
[2022-12-26 23:42:24] app.ERROR: Data from PrestaShop Addons is invalid, and cannot fallback on cache. [] []
[2022-12-26 23:42:24] security.DEBUG: Stored the security token in the session. {"key":"_security_main"} []
[2022-12-27 00:06:43] request.CRITICAL: Uncaught PHP Exception Exception: "Error sent by Addons. You may need to be logged." at C:\xampp\htdocs\prestashop\src\Adapter\Addons\AddonsDataProvider.php line 124 {"exception":"[object] (Exception(code: 0): Error sent by Addons. You may need to be logged. at C:\\xampp\\htdocs\\prestashop\\src\\Adapter\\Addons\\AddonsDataProvider.php:124, GuzzleHttp\\Exception\\ConnectException(code: 0): cURL error 28: Operation timed out after 5009 milliseconds with 1188788 bytes received at C:\\xampp\\htdocs\\prestashop\\vendor\\guzzlehttp\\guzzle\\src\\Exception\\RequestException.php:49, GuzzleHttp\\Ring\\Exception\\ConnectException(code: 0): cURL error 28: Operation timed out after 5009 milliseconds with 1188788 bytes received at C:\\xampp\\htdocs\\prestashop\\vendor\\guzzlehttp\\ringphp\\src\\Client\\CurlFactory.php:126)"} []
[2022-12-27 00:06:52] request.CRITICAL: Uncaught PHP Exception Exception: "Error sent by Addons. You may need to be logged." at C:\xampp\htdocs\prestashop\src\Adapter\Addons\AddonsDataProvider.php line 124 {"exception":"[object] (Exception(code: 0): Error sent by Addons. You may need to be logged. at C:\\xampp\\htdocs\\prestashop\\src\\Adapter\\Addons\\AddonsDataProvider.php:124, GuzzleHttp\\Exception\\ConnectException(code: 0): cURL error 28: Operation timed out after 5000 milliseconds with 2350489 bytes received at C:\\xampp\\htdocs\\prestashop\\vendor\\guzzlehttp\\guzzle\\src\\Exception\\RequestException.php:49, GuzzleHttp\\Ring\\Exception\\ConnectException(code: 0): cURL error 28: Operation timed out after 5000 milliseconds with 2350489 bytes received at C:\\xampp\\htdocs\\prestashop\\vendor\\guzzlehttp\\ringphp\\src\\Client\\CurlFactory.php:126)"} []
[2022-12-27 01:40:47] request.CRITICAL: Uncaught PHP Exception Symfony\Component\Filesystem\Exception\IOException: "Cannot rename "C:\xampp\htdocs\prestashop\var\cache\prod\app9C87.tmp" to "C:\xampp\htdocs\prestashop\var\cache\prod/appProdProjectContainerUrlMatcher.php"." at C:\xampp\htdocs\prestashop\vendor\symfony\symfony\src\Symfony\Component\Filesystem\Filesystem.php line 289 {"exception":"[object] (Symfony\\Component\\Filesystem\\Exception\\IOException(code: 0): Cannot rename \"C:\\xampp\\htdocs\\prestashop\\var\\cache\\prod\\app9C87.tmp\" to \"C:\\xampp\\htdocs\\prestashop\\var\\cache\\prod/appProdProjectContainerUrlMatcher.php\". at C:\\xampp\\htdocs\\prestashop\\vendor\\symfony\\symfony\\src\\Symfony\\Component\\Filesystem\\Filesystem.php:289)"} []
